{"/Users/samynalbandian/projects/perso/social-killers-x-kerastase/app/routes/components.tsx": {"path":"/Users/samynalbandian/projects/perso/social-killers-x-kerastase/app/routes/components.tsx","statementMap":{"0":{"start":{"line":12,"column":44},"end":{"line":12,"column":73}},"1":{"start":{"line":14,"column":2},"end":{"line":367,"column":4}},"2":{"start":{"line":181,"column":33},"end":{"line":181,"column":59}},"3":{"start":{"line":187,"column":33},"end":{"line":187,"column":59}},"4":{"start":{"line":193,"column":33},"end":{"line":193,"column":63}},"5":{"start":{"line":259,"column":33},"end":{"line":259,"column":55}}},"fnMap":{"0":{"name":"ComponentShowcase","decl":{"start":{"line":11,"column":24},"end":{"line":11,"column":41}},"loc":{"start":{"line":11,"column":41},"end":{"line":368,"column":1}}},"1":{"name":"(anonymous_1)","decl":{"start":{"line":181,"column":27},"end":{"line":181,"column":30}},"loc":{"start":{"line":181,"column":33},"end":{"line":181,"column":59}}},"2":{"name":"(anonymous_2)","decl":{"start":{"line":187,"column":27},"end":{"line":187,"column":30}},"loc":{"start":{"line":187,"column":33},"end":{"line":187,"column":59}}},"3":{"name":"(anonymous_3)","decl":{"start":{"line":193,"column":27},"end":{"line":193,"column":30}},"loc":{"start":{"line":193,"column":33},"end":{"line":193,"column":63}}},"4":{"name":"(anonymous_4)","decl":{"start":{"line":259,"column":27},"end":{"line":259,"column":30}},"loc":{"start":{"line":259,"column":33},"end":{"line":259,"column":55}}}},"branchMap":{},"s":{"0":0,"1":0,"2":0,"3":0,"4":0,"5":0},"f":{"0":0,"1":0,"2":0,"3":0,"4":0},"b":{}}
,"/Users/samynalbandian/projects/perso/social-killers-x-kerastase/app/routes/home.tsx": {"path":"/Users/samynalbandian/projects/perso/social-killers-x-kerastase/app/routes/home.tsx","statementMap":{"0":{"start":{"line":5,"column":2},"end":{"line":8,"column":4}},"1":{"start":{"line":12,"column":2},"end":{"line":12,"column":21}}},"fnMap":{"0":{"name":"meta","decl":{"start":{"line":4,"column":16},"end":{"line":4,"column":20}},"loc":{"start":{"line":4,"column":39},"end":{"line":9,"column":1}}},"1":{"name":"Home","decl":{"start":{"line":11,"column":24},"end":{"line":11,"column":28}},"loc":{"start":{"line":11,"column":28},"end":{"line":13,"column":1}}}},"branchMap":{},"s":{"0":0,"1":0},"f":{"0":0,"1":0},"b":{}}
,"/Users/samynalbandian/projects/perso/social-killers-x-kerastase/app/shared/components/Badge/Badge.tsx": {"path":"/Users/samynalbandian/projects/perso/social-killers-x-kerastase/app/shared/components/Badge/Badge.tsx","statementMap":{"0":{"start":{"line":10,"column":37},"end":{"line":45,"column":1}},"1":{"start":{"line":16,"column":24},"end":{"line":16,"column":33}},"2":{"start":{"line":18,"column":2},"end":{"line":44,"column":4}}},"fnMap":{"0":{"name":"(anonymous_0)","decl":{"start":{"line":10,"column":37},"end":{"line":10,"column":38}},"loc":{"start":{"line":15,"column":5},"end":{"line":45,"column":1}}}},"branchMap":{"0":{"loc":{"start":{"line":12,"column":2},"end":{"line":12,"column":16}},"type":"default-arg","locations":[{"start":{"line":12,"column":14},"end":{"line":12,"column":16}}]},"1":{"loc":{"start":{"line":14,"column":2},"end":{"line":14,"column":18}},"type":"default-arg","locations":[{"start":{"line":14,"column":13},"end":{"line":14,"column":18}}]},"2":{"loc":{"start":{"line":30,"column":10},"end":{"line":32,"column":null}},"type":"cond-expr","locations":[{"start":{"line":31,"column":14},"end":{"line":31,"column":60}},{"start":{"line":32,"column":14},"end":{"line":32,"column":null}}]},"3":{"loc":{"start":{"line":35,"column":10},"end":{"line":37,"column":null}},"type":"cond-expr","locations":[{"start":{"line":36,"column":14},"end":{"line":36,"column":92}},{"start":{"line":37,"column":14},"end":{"line":37,"column":null}}]}},"s":{"0":0,"1":0,"2":0},"f":{"0":0},"b":{"0":[0],"1":[0],"2":[0,0],"3":[0,0]}}
,"/Users/samynalbandian/projects/perso/social-killers-x-kerastase/app/shared/components/Button/Button.tsx": {"path":"/Users/samynalbandian/projects/perso/social-killers-x-kerastase/app/shared/components/Button/Button.tsx","statementMap":{"0":{"start":{"line":4,"column":75},"end":{"line":13,"column":2}},"1":{"start":{"line":15,"column":39},"end":{"line":34,"column":1}},"2":{"start":{"line":22,"column":27},"end":{"line":22,"column":58}},"3":{"start":{"line":23,"column":17},"end":{"line":23,"column":48}},"4":{"start":{"line":25,"column":2},"end":{"line":33,"column":4}},"5":{"start":{"line":15,"column":13},"end":{"line":15,"column":39}}},"fnMap":{"0":{"name":"(anonymous_0)","decl":{"start":{"line":15,"column":39},"end":{"line":15,"column":40}},"loc":{"start":{"line":21,"column":5},"end":{"line":34,"column":1}}}},"branchMap":{"0":{"loc":{"start":{"line":16,"column":2},"end":{"line":16,"column":21}},"type":"default-arg","locations":[{"start":{"line":16,"column":12},"end":{"line":16,"column":21}}]},"1":{"loc":{"start":{"line":18,"column":2},"end":{"line":18,"column":16}},"type":"default-arg","locations":[{"start":{"line":18,"column":14},"end":{"line":18,"column":16}}]},"2":{"loc":{"start":{"line":22,"column":27},"end":{"line":22,"column":58}},"type":"cond-expr","locations":[{"start":{"line":22,"column":38},"end":{"line":22,"column":48}},{"start":{"line":22,"column":51},"end":{"line":22,"column":58}}]},"3":{"loc":{"start":{"line":28,"column":16},"end":{"line":28,"column":50}},"type":"binary-expr","locations":[{"start":{"line":28,"column":16},"end":{"line":28,"column":24}},{"start":{"line":28,"column":28},"end":{"line":28,"column":50}}]}},"s":{"0":1,"1":1,"2":18,"3":18,"4":18,"5":1},"f":{"0":18},"b":{"0":[0],"1":[0],"2":[4,14],"3":[18,14]}}
,"/Users/samynalbandian/projects/perso/social-killers-x-kerastase/app/shared/components/Card/Card.tsx": {"path":"/Users/samynalbandian/projects/perso/social-killers-x-kerastase/app/shared/components/Card/Card.tsx","statementMap":{"0":{"start":{"line":10,"column":35},"end":{"line":49,"column":1}},"1":{"start":{"line":16,"column":24},"end":{"line":16,"column":33}},"2":{"start":{"line":18,"column":2},"end":{"line":48,"column":4}},"3":{"start":{"line":24,"column":8},"end":{"line":27,"column":9}},"4":{"start":{"line":25,"column":10},"end":{"line":25,"column":29}},"5":{"start":{"line":26,"column":10},"end":{"line":26,"column":22}}},"fnMap":{"0":{"name":"(anonymous_0)","decl":{"start":{"line":10,"column":35},"end":{"line":10,"column":36}},"loc":{"start":{"line":15,"column":5},"end":{"line":49,"column":1}}},"1":{"name":"(anonymous_1)","decl":{"start":{"line":23,"column":17},"end":{"line":23,"column":18}},"loc":{"start":{"line":23,"column":23},"end":{"line":28,"column":7}}}},"branchMap":{"0":{"loc":{"start":{"line":14,"column":2},"end":{"line":14,"column":16}},"type":"default-arg","locations":[{"start":{"line":14,"column":14},"end":{"line":14,"column":16}}]},"1":{"loc":{"start":{"line":20,"column":12},"end":{"line":20,"column":48}},"type":"cond-expr","locations":[{"start":{"line":20,"column":28},"end":{"line":20,"column":36}},{"start":{"line":20,"column":39},"end":{"line":20,"column":48}}]},"2":{"loc":{"start":{"line":21,"column":16},"end":{"line":21,"column":45}},"type":"cond-expr","locations":[{"start":{"line":21,"column":32},"end":{"line":21,"column":33}},{"start":{"line":21,"column":36},"end":{"line":21,"column":45}}]},"3":{"loc":{"start":{"line":24,"column":8},"end":{"line":27,"column":9}},"type":"if","locations":[{"start":{"line":24,"column":8},"end":{"line":27,"column":9}},{"start":{},"end":{}}]},"4":{"loc":{"start":{"line":24,"column":12},"end":{"line":24,"column":65}},"type":"binary-expr","locations":[{"start":{"line":24,"column":12},"end":{"line":24,"column":25}},{"start":{"line":24,"column":30},"end":{"line":24,"column":47}},{"start":{"line":24,"column":51},"end":{"line":24,"column":64}}]},"5":{"loc":{"start":{"line":35,"column":10},"end":{"line":37,"column":null}},"type":"cond-expr","locations":[{"start":{"line":36,"column":14},"end":{"line":36,"column":79}},{"start":{"line":37,"column":14},"end":{"line":37,"column":null}}]}},"s":{"0":0,"1":0,"2":0,"3":0,"4":0,"5":0},"f":{"0":0,"1":0},"b":{"0":[0],"1":[0,0],"2":[0,0],"3":[0,0],"4":[0,0,0],"5":[0,0]}}
,"/Users/samynalbandian/projects/perso/social-killers-x-kerastase/app/shared/components/CircleButton/CircleButton.tsx": {"path":"/Users/samynalbandian/projects/perso/social-killers-x-kerastase/app/shared/components/CircleButton/CircleButton.tsx","statementMap":{"0":{"start":{"line":12,"column":67},"end":{"line":33,"column":2}},"1":{"start":{"line":35,"column":51},"end":{"line":67,"column":1}},"2":{"start":{"line":42,"column":22},"end":{"line":42,"column":51}},"3":{"start":{"line":44,"column":2},"end":{"line":66,"column":4}}},"fnMap":{"0":{"name":"(anonymous_0)","decl":{"start":{"line":35,"column":51},"end":{"line":35,"column":52}},"loc":{"start":{"line":41,"column":5},"end":{"line":67,"column":1}}}},"branchMap":{"0":{"loc":{"start":{"line":36,"column":2},"end":{"line":36,"column":21}},"type":"default-arg","locations":[{"start":{"line":36,"column":12},"end":{"line":36,"column":21}}]},"1":{"loc":{"start":{"line":39,"column":2},"end":{"line":39,"column":16}},"type":"default-arg","locations":[{"start":{"line":39,"column":14},"end":{"line":39,"column":16}}]},"2":{"loc":{"start":{"line":42,"column":22},"end":{"line":42,"column":51}},"type":"binary-expr","locations":[{"start":{"line":42,"column":22},"end":{"line":42,"column":26}},{"start":{"line":42,"column":30},"end":{"line":42,"column":51}}]}},"s":{"0":0,"1":0,"2":0,"3":0},"f":{"0":0},"b":{"0":[0],"1":[0],"2":[0,0]}}
,"/Users/samynalbandian/projects/perso/social-killers-x-kerastase/app/shared/components/Input/Input.tsx": {"path":"/Users/samynalbandian/projects/perso/social-killers-x-kerastase/app/shared/components/Input/Input.tsx","statementMap":{"0":{"start":{"line":8,"column":37},"end":{"line":40,"column":1}},"1":{"start":{"line":14,"column":19},"end":{"line":14,"column":56}},"2":{"start":{"line":15,"column":2},"end":{"line":39,"column":4}}},"fnMap":{"0":{"name":"(anonymous_0)","decl":{"start":{"line":8,"column":37},"end":{"line":8,"column":38}},"loc":{"start":{"line":13,"column":5},"end":{"line":40,"column":1}}}},"branchMap":{"0":{"loc":{"start":{"line":11,"column":2},"end":{"line":11,"column":16}},"type":"default-arg","locations":[{"start":{"line":11,"column":14},"end":{"line":11,"column":16}}]},"1":{"loc":{"start":{"line":14,"column":19},"end":{"line":14,"column":56}},"type":"binary-expr","locations":[{"start":{"line":14,"column":19},"end":{"line":14,"column":33}},{"start":{"line":14,"column":37},"end":{"line":14,"column":56}}]},"2":{"loc":{"start":{"line":30,"column":12},"end":{"line":30,"column":51}},"type":"cond-expr","locations":[{"start":{"line":30,"column":23},"end":{"line":30,"column":46}},{"start":{"line":30,"column":49},"end":{"line":30,"column":51}}]},"3":{"loc":{"start":{"line":35,"column":7},"end":{"line":37,"column":14}},"type":"cond-expr","locations":[{"start":{"line":36,"column":8},"end":{"line":36,"column":71}},{"start":{"line":37,"column":10},"end":{"line":37,"column":14}}]}},"s":{"0":0,"1":0,"2":0},"f":{"0":0},"b":{"0":[0],"1":[0,0],"2":[0,0],"3":[0,0]}}
,"/Users/samynalbandian/projects/perso/social-killers-x-kerastase/app/shared/components/Polaroid/Polaroid.tsx": {"path":"/Users/samynalbandian/projects/perso/social-killers-x-kerastase/app/shared/components/Polaroid/Polaroid.tsx","statementMap":{"0":{"start":{"line":14,"column":43},"end":{"line":55,"column":1}},"1":{"start":{"line":23,"column":2},"end":{"line":54,"column":4}}},"fnMap":{"0":{"name":"(anonymous_0)","decl":{"start":{"line":14,"column":43},"end":{"line":14,"column":44}},"loc":{"start":{"line":22,"column":5},"end":{"line":55,"column":1}}}},"branchMap":{"0":{"loc":{"start":{"line":18,"column":2},"end":{"line":18,"column":30}},"type":"default-arg","locations":[{"start":{"line":18,"column":13},"end":{"line":18,"column":30}}]},"1":{"loc":{"start":{"line":21,"column":2},"end":{"line":21,"column":16}},"type":"default-arg","locations":[{"start":{"line":21,"column":14},"end":{"line":21,"column":16}}]},"2":{"loc":{"start":{"line":47,"column":9},"end":{"line":50,"column":null}},"type":"binary-expr","locations":[{"start":{"line":47,"column":9},"end":{"line":47,"column":34}},{"start":{"line":47,"column":38},"end":{"line":47,"column":62}},{"start":{"line":48,"column":10},"end":{"line":49,"column":null}}]}},"s":{"0":0,"1":0},"f":{"0":0},"b":{"0":[0],"1":[0],"2":[0,0,0]}}
,"/Users/samynalbandian/projects/perso/social-killers-x-kerastase/app/shared/components/ProgressIndicator/ProgressIndicator.tsx": {"path":"/Users/samynalbandian/projects/perso/social-killers-x-kerastase/app/shared/components/ProgressIndicator/ProgressIndicator.tsx","statementMap":{"0":{"start":{"line":11,"column":61},"end":{"line":38,"column":1}},"1":{"start":{"line":17,"column":29},"end":{"line":17,"column":73}},"2":{"start":{"line":19,"column":2},"end":{"line":37,"column":4}}},"fnMap":{"0":{"name":"(anonymous_0)","decl":{"start":{"line":11,"column":61},"end":{"line":11,"column":62}},"loc":{"start":{"line":16,"column":5},"end":{"line":38,"column":1}}}},"branchMap":{"0":{"loc":{"start":{"line":14,"column":2},"end":{"line":14,"column":32}},"type":"default-arg","locations":[{"start":{"line":14,"column":10},"end":{"line":14,"column":32}}]},"1":{"loc":{"start":{"line":15,"column":2},"end":{"line":15,"column":16}},"type":"default-arg","locations":[{"start":{"line":15,"column":14},"end":{"line":15,"column":16}}]}},"s":{"0":0,"1":0,"2":0},"f":{"0":0},"b":{"0":[0],"1":[0]}}
,"/Users/samynalbandian/projects/perso/social-killers-x-kerastase/app/shared/components/Typography/Body.tsx": {"path":"/Users/samynalbandian/projects/perso/social-killers-x-kerastase/app/shared/components/Typography/Body.tsx","statementMap":{"0":{"start":{"line":4,"column":60},"end":{"line":7,"column":2}},"1":{"start":{"line":9,"column":35},"end":{"line":19,"column":1}},"2":{"start":{"line":15,"column":20},"end":{"line":15,"column":22}},"3":{"start":{"line":16,"column":17},"end":{"line":16,"column":39}},"4":{"start":{"line":18,"column":2},"end":{"line":18,"column":80}},"5":{"start":{"line":9,"column":13},"end":{"line":9,"column":35}}},"fnMap":{"0":{"name":"(anonymous_0)","decl":{"start":{"line":9,"column":35},"end":{"line":9,"column":36}},"loc":{"start":{"line":14,"column":5},"end":{"line":19,"column":1}}}},"branchMap":{"0":{"loc":{"start":{"line":12,"column":2},"end":{"line":12,"column":16}},"type":"default-arg","locations":[{"start":{"line":12,"column":14},"end":{"line":12,"column":16}}]},"1":{"loc":{"start":{"line":13,"column":2},"end":{"line":13,"column":10}},"type":"default-arg","locations":[{"start":{"line":13,"column":7},"end":{"line":13,"column":10}}]}},"s":{"0":1,"1":1,"2":18,"3":18,"4":18,"5":1},"f":{"0":18},"b":{"0":[0],"1":[18]}}
,"/Users/samynalbandian/projects/perso/social-killers-x-kerastase/app/shared/components/Typography/Caption.tsx": {"path":"/Users/samynalbandian/projects/perso/social-killers-x-kerastase/app/shared/components/Typography/Caption.tsx","statementMap":{"0":{"start":{"line":4,"column":63},"end":{"line":7,"column":2}},"1":{"start":{"line":9,"column":41},"end":{"line":19,"column":1}},"2":{"start":{"line":15,"column":20},"end":{"line":15,"column":22}},"3":{"start":{"line":16,"column":17},"end":{"line":16,"column":39}},"4":{"start":{"line":18,"column":2},"end":{"line":18,"column":80}},"5":{"start":{"line":9,"column":13},"end":{"line":9,"column":41}}},"fnMap":{"0":{"name":"(anonymous_0)","decl":{"start":{"line":9,"column":41},"end":{"line":9,"column":42}},"loc":{"start":{"line":14,"column":5},"end":{"line":19,"column":1}}}},"branchMap":{"0":{"loc":{"start":{"line":12,"column":2},"end":{"line":12,"column":16}},"type":"default-arg","locations":[{"start":{"line":12,"column":14},"end":{"line":12,"column":16}}]},"1":{"loc":{"start":{"line":13,"column":2},"end":{"line":13,"column":13}},"type":"default-arg","locations":[{"start":{"line":13,"column":7},"end":{"line":13,"column":13}}]}},"s":{"0":1,"1":1,"2":18,"3":18,"4":18,"5":1},"f":{"0":18},"b":{"0":[0],"1":[18]}}
,"/Users/samynalbandian/projects/perso/social-killers-x-kerastase/app/shared/components/Typography/Title.tsx": {"path":"/Users/samynalbandian/projects/perso/social-killers-x-kerastase/app/shared/components/Typography/Title.tsx","statementMap":{"0":{"start":{"line":4,"column":61},"end":{"line":9,"column":2}},"1":{"start":{"line":11,"column":70},"end":{"line":16,"column":2}},"2":{"start":{"line":18,"column":37},"end":{"line":28,"column":1}},"3":{"start":{"line":24,"column":20},"end":{"line":24,"column":46}},"4":{"start":{"line":25,"column":17},"end":{"line":25,"column":39}},"5":{"start":{"line":27,"column":2},"end":{"line":27,"column":80}},"6":{"start":{"line":18,"column":13},"end":{"line":18,"column":37}}},"fnMap":{"0":{"name":"(anonymous_0)","decl":{"start":{"line":18,"column":37},"end":{"line":18,"column":38}},"loc":{"start":{"line":23,"column":5},"end":{"line":28,"column":1}}}},"branchMap":{"0":{"loc":{"start":{"line":21,"column":2},"end":{"line":21,"column":16}},"type":"default-arg","locations":[{"start":{"line":21,"column":14},"end":{"line":21,"column":16}}]},"1":{"loc":{"start":{"line":24,"column":20},"end":{"line":24,"column":46}},"type":"binary-expr","locations":[{"start":{"line":24,"column":20},"end":{"line":24,"column":22}},{"start":{"line":24,"column":26},"end":{"line":24,"column":46}}]}},"s":{"0":1,"1":1,"2":1,"3":18,"4":18,"5":18,"6":1},"f":{"0":18},"b":{"0":[0],"1":[18,18]}}
,"/Users/samynalbandian/projects/perso/social-killers-x-kerastase/app/shared/services/supabase.ts": {"path":"/Users/samynalbandian/projects/perso/social-killers-x-kerastase/app/shared/services/supabase.ts","statementMap":{"0":{"start":{"line":4,"column":20},"end":{"line":4,"column":53}},"1":{"start":{"line":5,"column":24},"end":{"line":5,"column":77}},"2":{"start":{"line":7,"column":0},"end":{"line":9,"column":1}},"3":{"start":{"line":8,"column":2},"end":{"line":8,"column":60}},"4":{"start":{"line":11,"column":24},"end":{"line":11,"column":76}}},"fnMap":{},"branchMap":{"0":{"loc":{"start":{"line":7,"column":0},"end":{"line":9,"column":1}},"type":"if","locations":[{"start":{"line":7,"column":0},"end":{"line":9,"column":1}},{"start":{},"end":{}}]},"1":{"loc":{"start":{"line":7,"column":4},"end":{"line":7,"column":36}},"type":"binary-expr","locations":[{"start":{"line":7,"column":4},"end":{"line":7,"column":16}},{"start":{"line":7,"column":20},"end":{"line":7,"column":36}}]}},"s":{"0":0,"1":0,"2":0,"3":0,"4":0},"f":{},"b":{"0":[0,0],"1":[0,0]}}
,"/Users/samynalbandian/projects/perso/social-killers-x-kerastase/app/shared/services/userService.ts": {"path":"/Users/samynalbandian/projects/perso/social-killers-x-kerastase/app/shared/services/userService.ts","statementMap":{"0":{"start":{"line":1,"column":0},"end":{"line":1,"column":38}},"1":{"start":{"line":3,"column":0},"end":{"line":3,"column":51}},"2":{"start":{"line":8,"column":26},"end":{"line":11,"column":1}},"3":{"start":{"line":9,"column":20},"end":{"line":9,"column":30}},"4":{"start":{"line":10,"column":2},"end":{"line":10,"column":30}},"5":{"start":{"line":13,"column":13},"end":{"line":34,"column":2}},"6":{"start":{"line":15,"column":22},"end":{"line":15,"column":41}},"7":{"start":{"line":17,"column":28},"end":{"line":21,"column":15}},"8":{"start":{"line":23,"column":4},"end":{"line":25,"column":5}},"9":{"start":{"line":24,"column":6},"end":{"line":24,"column":65}},"10":{"start":{"line":28,"column":4},"end":{"line":30,"column":5}},"11":{"start":{"line":29,"column":6},"end":{"line":29,"column":41}},"12":{"start":{"line":32,"column":4},"end":{"line":32,"column":16}}},"fnMap":{"0":{"name":"(anonymous_0)","decl":{"start":{"line":8,"column":26},"end":{"line":8,"column":37}},"loc":{"start":{"line":8,"column":39},"end":{"line":11,"column":1}}},"1":{"name":"(anonymous_1)","decl":{"start":{"line":14,"column":2},"end":{"line":14,"column":7}},"loc":{"start":{"line":14,"column":14},"end":{"line":33,"column":3}}}},"branchMap":{"0":{"loc":{"start":{"line":23,"column":4},"end":{"line":25,"column":5}},"type":"if","locations":[{"start":{"line":23,"column":4},"end":{"line":25,"column":5}},{"start":{},"end":{}}]},"1":{"loc":{"start":{"line":28,"column":4},"end":{"line":30,"column":5}},"type":"if","locations":[{"start":{"line":28,"column":4},"end":{"line":30,"column":5}},{"start":{},"end":{}}]}},"s":{"0":2,"1":2,"2":2,"3":6,"4":6,"5":2,"6":6,"7":6,"8":6,"9":1,"10":5,"11":5,"12":5},"f":{"0":6,"1":6},"b":{"0":[1,5],"1":[5,0]}}
,"/Users/samynalbandian/projects/perso/social-killers-x-kerastase/app/shared/types/colors.ts": {"path":"/Users/samynalbandian/projects/perso/social-killers-x-kerastase/app/shared/types/colors.ts","statementMap":{"0":{"start":{"line":1,"column":22},"end":{"line":16,"column":11}}},"fnMap":{},"branchMap":{},"s":{"0":0},"f":{},"b":{}}
,"/Users/samynalbandian/projects/perso/social-killers-x-kerastase/app/shared/types/database.types.ts": {"path":"/Users/samynalbandian/projects/perso/social-killers-x-kerastase/app/shared/types/database.types.ts","statementMap":{"0":{"start":{"line":549,"column":25},"end":{"line":556,"column":null}}},"fnMap":{},"branchMap":{},"s":{"0":0},"f":{},"b":{}}
,"/Users/samynalbandian/projects/perso/social-killers-x-kerastase/app/shared/utils/env.ts": {"path":"/Users/samynalbandian/projects/perso/social-killers-x-kerastase/app/shared/utils/env.ts","statementMap":{"0":{"start":{"line":1,"column":29},"end":{"line":13,"column":1}},"1":{"start":{"line":3,"column":2},"end":{"line":5,"column":3}},"2":{"start":{"line":4,"column":4},"end":{"line":4,"column":63}},"3":{"start":{"line":8,"column":2},"end":{"line":12,"column":3}},"4":{"start":{"line":9,"column":4},"end":{"line":9,"column":40}},"5":{"start":{"line":11,"column":4},"end":{"line":11,"column":17}}},"fnMap":{"0":{"name":"(anonymous_0)","decl":{"start":{"line":1,"column":29},"end":{"line":1,"column":41}},"loc":{"start":{"line":1,"column":43},"end":{"line":13,"column":1}}}},"branchMap":{"0":{"loc":{"start":{"line":3,"column":2},"end":{"line":5,"column":3}},"type":"if","locations":[{"start":{"line":3,"column":2},"end":{"line":5,"column":3}},{"start":{},"end":{}}]},"1":{"loc":{"start":{"line":3,"column":6},"end":{"line":3,"column":71}},"type":"binary-expr","locations":[{"start":{"line":3,"column":6},"end":{"line":3,"column":36}},{"start":{"line":3,"column":40},"end":{"line":3,"column":71}}]}},"s":{"0":0,"1":0,"2":0,"3":0,"4":0,"5":0},"f":{"0":0},"b":{"0":[0,0],"1":[0,0]}}
,"/Users/samynalbandian/projects/perso/social-killers-x-kerastase/app/welcome/welcome.tsx": {"path":"/Users/samynalbandian/projects/perso/social-killers-x-kerastase/app/welcome/welcome.tsx","statementMap":{"0":{"start":{"line":2,"column":0},"end":{"line":2,"column":33}},"1":{"start":{"line":3,"column":0},"end":{"line":3,"column":59}},"2":{"start":{"line":4,"column":0},"end":{"line":4,"column":59}},"3":{"start":{"line":5,"column":0},"end":{"line":5,"column":65}},"4":{"start":{"line":6,"column":0},"end":{"line":6,"column":61}},"5":{"start":{"line":7,"column":0},"end":{"line":7,"column":60}},"6":{"start":{"line":9,"column":0},"end":{"line":9,"column":41}},"7":{"start":{"line":19,"column":27},"end":{"line":103,"column":1}},"8":{"start":{"line":20,"column":42},"end":{"line":20,"column":84}},"9":{"start":{"line":21,"column":20},"end":{"line":21,"column":53}},"10":{"start":{"line":22,"column":18},"end":{"line":22,"column":49}},"11":{"start":{"line":24,"column":32},"end":{"line":42,"column":3}},"12":{"start":{"line":26,"column":4},"end":{"line":28,"column":5}},"13":{"start":{"line":27,"column":6},"end":{"line":27,"column":13}},"14":{"start":{"line":29,"column":4},"end":{"line":29,"column":43}},"15":{"start":{"line":31,"column":4},"end":{"line":41,"column":5}},"16":{"start":{"line":32,"column":19},"end":{"line":32,"column":45}},"17":{"start":{"line":34,"column":6},"end":{"line":34,"column":51}},"18":{"start":{"line":36,"column":23},"end":{"line":38,"column":51}},"19":{"start":{"line":40,"column":6},"end":{"line":40,"column":60}},"20":{"start":{"line":44,"column":2},"end":{"line":102,"column":4}},"21":{"start":{"line":19,"column":13},"end":{"line":19,"column":27}}},"fnMap":{"0":{"name":"(anonymous_1)","decl":{"start":{"line":19,"column":27},"end":{"line":19,"column":30}},"loc":{"start":{"line":19,"column":32},"end":{"line":103,"column":1}}},"1":{"name":"(anonymous_2)","decl":{"start":{"line":24,"column":32},"end":{"line":24,"column":37}},"loc":{"start":{"line":24,"column":58},"end":{"line":42,"column":3}}}},"branchMap":{"0":{"loc":{"start":{"line":26,"column":4},"end":{"line":28,"column":5}},"type":"if","locations":[{"start":{"line":26,"column":4},"end":{"line":28,"column":5}},{"start":{},"end":{}}]},"1":{"loc":{"start":{"line":36,"column":23},"end":{"line":38,"column":51}},"type":"cond-expr","locations":[{"start":{"line":37,"column":10},"end":{"line":37,"column":15}},{"start":{"line":38,"column":10},"end":{"line":38,"column":51}}]},"2":{"loc":{"start":{"line":81,"column":9},"end":{"line":86,"column":null}},"type":"binary-expr","locations":[{"start":{"line":81,"column":9},"end":{"line":81,"column":16}},{"start":{"line":82,"column":10},"end":{"line":85,"column":null}}]},"3":{"loc":{"start":{"line":98,"column":11},"end":{"line":98,"column":74}},"type":"cond-expr","locations":[{"start":{"line":98,"column":23},"end":{"line":98,"column":49}},{"start":{"line":98,"column":52},"end":{"line":98,"column":74}}]}},"s":{"0":1,"1":1,"2":1,"3":1,"4":1,"5":1,"6":1,"7":1,"8":18,"9":18,"10":18,"11":18,"12":4,"13":0,"14":4,"15":4,"16":4,"17":2,"18":1,"19":1,"20":18,"21":1},"f":{"0":18,"1":4},"b":{"0":[0,4],"1":[1,0],"2":[18,1],"3":[4,14]}}
,"/Users/samynalbandian/projects/perso/social-killers-x-kerastase/src/supabase/client.ts": {"path":"/Users/samynalbandian/projects/perso/social-killers-x-kerastase/src/supabase/client.ts","statementMap":{"0":{"start":{"line":4,"column":20},"end":{"line":4,"column":53}},"1":{"start":{"line":5,"column":20},"end":{"line":5,"column":73}},"2":{"start":{"line":7,"column":24},"end":{"line":7,"column":62}}},"fnMap":{},"branchMap":{},"s":{"0":0,"1":0,"2":0},"f":{},"b":{}}
}
