TN:
SF:app/routes/components.tsx
FN:11,ComponentShowcase
FN:181,(anonymous_1)
FN:187,(anonymous_2)
FN:193,(anonymous_3)
FN:259,(anonymous_4)
FNF:5
FNH:0
FNDA:0,ComponentShowcase
FNDA:0,(anonymous_1)
FNDA:0,(anonymous_2)
FNDA:0,(anonymous_3)
FNDA:0,(anonymous_4)
DA:12,0
DA:14,0
DA:181,0
DA:187,0
DA:193,0
DA:259,0
LF:6
LH:0
BRF:0
BRH:0
end_of_record
TN:
SF:app/routes/home.tsx
FN:4,meta
FN:11,Home
FNF:2
FNH:0
FNDA:0,meta
FNDA:0,Home
DA:5,0
DA:12,0
LF:2
LH:0
BRF:0
BRH:0
end_of_record
TN:
SF:app/shared/components/Badge/Badge.tsx
FN:10,(anonymous_0)
FNF:1
FNH:0
FNDA:0,(anonymous_0)
DA:10,0
DA:16,0
DA:18,0
LF:3
LH:0
BRDA:12,0,0,0
BRDA:14,1,0,0
BRDA:30,2,0,0
BRDA:30,2,1,0
BRDA:35,3,0,0
BRDA:35,3,1,0
BRF:6
BRH:0
end_of_record
TN:
SF:app/shared/components/Button/Button.tsx
FN:15,(anonymous_0)
FNF:1
FNH:1
FNDA:18,(anonymous_0)
DA:4,1
DA:15,1
DA:22,18
DA:23,18
DA:25,18
LF:5
LH:5
BRDA:16,0,0,0
BRDA:18,1,0,0
BRDA:22,2,0,4
BRDA:22,2,1,14
BRDA:28,3,0,18
BRDA:28,3,1,14
BRF:6
BRH:4
end_of_record
TN:
SF:app/shared/components/Card/Card.tsx
FN:10,(anonymous_0)
FN:23,(anonymous_1)
FNF:2
FNH:0
FNDA:0,(anonymous_0)
FNDA:0,(anonymous_1)
DA:10,0
DA:16,0
DA:18,0
DA:24,0
DA:25,0
DA:26,0
LF:6
LH:0
BRDA:14,0,0,0
BRDA:20,1,0,0
BRDA:20,1,1,0
BRDA:21,2,0,0
BRDA:21,2,1,0
BRDA:24,3,0,0
BRDA:24,3,1,0
BRDA:24,4,0,0
BRDA:24,4,1,0
BRDA:24,4,2,0
BRDA:35,5,0,0
BRDA:35,5,1,0
BRF:12
BRH:0
end_of_record
TN:
SF:app/shared/components/CircleButton/CircleButton.tsx
FN:35,(anonymous_0)
FNF:1
FNH:0
FNDA:0,(anonymous_0)
DA:12,0
DA:35,0
DA:42,0
DA:44,0
LF:4
LH:0
BRDA:36,0,0,0
BRDA:39,1,0,0
BRDA:42,2,0,0
BRDA:42,2,1,0
BRF:4
BRH:0
end_of_record
TN:
SF:app/shared/components/Input/Input.tsx
FN:8,(anonymous_0)
FNF:1
FNH:0
FNDA:0,(anonymous_0)
DA:8,0
DA:14,0
DA:15,0
LF:3
LH:0
BRDA:11,0,0,0
BRDA:14,1,0,0
BRDA:14,1,1,0
BRDA:30,2,0,0
BRDA:30,2,1,0
BRDA:35,3,0,0
BRDA:35,3,1,0
BRF:7
BRH:0
end_of_record
TN:
SF:app/shared/components/Polaroid/Polaroid.tsx
FN:14,(anonymous_0)
FNF:1
FNH:0
FNDA:0,(anonymous_0)
DA:14,0
DA:23,0
LF:2
LH:0
BRDA:18,0,0,0
BRDA:21,1,0,0
BRDA:47,2,0,0
BRDA:47,2,1,0
BRDA:47,2,2,0
BRF:5
BRH:0
end_of_record
TN:
SF:app/shared/components/ProgressIndicator/ProgressIndicator.tsx
FN:11,(anonymous_0)
FNF:1
FNH:0
FNDA:0,(anonymous_0)
DA:11,0
DA:17,0
DA:19,0
LF:3
LH:0
BRDA:14,0,0,0
BRDA:15,1,0,0
BRF:2
BRH:0
end_of_record
TN:
SF:app/shared/components/Typography/Body.tsx
FN:9,(anonymous_0)
FNF:1
FNH:1
FNDA:18,(anonymous_0)
DA:4,1
DA:9,1
DA:15,18
DA:16,18
DA:18,18
LF:5
LH:5
BRDA:12,0,0,0
BRDA:13,1,0,18
BRF:2
BRH:1
end_of_record
TN:
SF:app/shared/components/Typography/Caption.tsx
FN:9,(anonymous_0)
FNF:1
FNH:1
FNDA:18,(anonymous_0)
DA:4,1
DA:9,1
DA:15,18
DA:16,18
DA:18,18
LF:5
LH:5
BRDA:12,0,0,0
BRDA:13,1,0,18
BRF:2
BRH:1
end_of_record
TN:
SF:app/shared/components/Typography/Title.tsx
FN:18,(anonymous_0)
FNF:1
FNH:1
FNDA:18,(anonymous_0)
DA:4,1
DA:11,1
DA:18,1
DA:24,18
DA:25,18
DA:27,18
LF:6
LH:6
BRDA:21,0,0,0
BRDA:24,1,0,18
BRDA:24,1,1,18
BRF:3
BRH:2
end_of_record
TN:
SF:app/shared/services/supabase.ts
FNF:0
FNH:0
DA:4,0
DA:5,0
DA:7,0
DA:8,0
DA:11,0
LF:5
LH:0
BRDA:7,0,0,0
BRDA:7,0,1,0
BRDA:7,1,0,0
BRDA:7,1,1,0
BRF:4
BRH:0
end_of_record
TN:
SF:app/shared/services/userService.ts
FN:8,(anonymous_0)
FN:14,(anonymous_1)
FNF:2
FNH:2
FNDA:6,(anonymous_0)
FNDA:6,(anonymous_1)
DA:1,2
DA:3,2
DA:8,2
DA:9,6
DA:10,6
DA:13,2
DA:15,6
DA:17,6
DA:23,6
DA:24,1
DA:28,5
DA:29,5
DA:32,5
LF:13
LH:13
BRDA:23,0,0,1
BRDA:23,0,1,5
BRDA:28,1,0,5
BRDA:28,1,1,0
BRF:4
BRH:3
end_of_record
TN:
SF:app/shared/types/colors.ts
FNF:0
FNH:0
DA:1,0
LF:1
LH:0
BRF:0
BRH:0
end_of_record
TN:
SF:app/shared/types/database.types.ts
FNF:0
FNH:0
DA:549,0
LF:1
LH:0
BRF:0
BRH:0
end_of_record
TN:
SF:app/shared/utils/env.ts
FN:1,(anonymous_0)
FNF:1
FNH:0
FNDA:0,(anonymous_0)
DA:1,0
DA:3,0
DA:4,0
DA:8,0
DA:9,0
DA:11,0
LF:6
LH:0
BRDA:3,0,0,0
BRDA:3,0,1,0
BRDA:3,1,0,0
BRDA:3,1,1,0
BRF:4
BRH:0
end_of_record
TN:
SF:app/welcome/welcome.tsx
FN:19,(anonymous_1)
FN:24,(anonymous_2)
FNF:2
FNH:2
FNDA:18,(anonymous_1)
FNDA:4,(anonymous_2)
DA:2,1
DA:3,1
DA:4,1
DA:5,1
DA:6,1
DA:7,1
DA:9,1
DA:19,1
DA:20,18
DA:21,18
DA:22,18
DA:24,18
DA:26,4
DA:27,0
DA:29,4
DA:31,4
DA:32,4
DA:34,2
DA:36,1
DA:40,1
DA:44,18
LF:21
LH:20
BRDA:26,0,0,0
BRDA:26,0,1,4
BRDA:36,1,0,1
BRDA:36,1,1,0
BRDA:81,2,0,18
BRDA:81,2,1,1
BRDA:98,3,0,4
BRDA:98,3,1,14
BRF:8
BRH:6
end_of_record
TN:
SF:src/supabase/client.ts
FNF:0
FNH:0
DA:4,0
DA:5,0
DA:7,0
LF:3
LH:0
BRF:0
BRH:0
end_of_record
